<?xml version="1.0" encoding="UTF-8"?>
<testsuites name="TestSuit1" time="11" tests="2" failures="0" errors="0">
   <testsuite name="TestSuit1" tests="2" failures="0" errors="0" time="11" timestamp="2018-09-24 11:59:00" hostname="WINIB-OSOON0HOE$ - WINIB-OSOON0HOE" id="Test Suites/TestSuit1">
      <properties>
         <property name="deviceName" value=""/>
         <property name="devicePlatform" value=""/>
         <property name="logFolder" value="C:\\Users\\ib\\Katalon Studio\\beledu\\Reports\\TestSuit1\\20180924_115854"/>
         <property name="logFiles" value="C:\\Users\\ib\\Katalon Studio\\beledu\\Reports\\TestSuit1\\20180924_115854\\execution0.log"/>
         <property name="attachments" value=""/>
         <property name="hostName" value="WINIB-OSOON0HOE$ - WINIB-OSOON0HOE"/>
         <property name="os" value="Windows 10 64bit"/>
         <property name="katalonVersion" value="5.7.1.1"/>
         <property name="browser" value="Chrome 69.0.3497.100"/>
         <property name="hostAddress" value="192.168.56.1"/>
         <property name="sessionId" value="1ae07e916017c4ea49bfbc0f04409de5"/>
         <property name="seleniumVersion" value="3.7.1"/>
         <property name="proxyInformation" value="ProxyInformation{proxyOption=NO_PROXY, proxyServerType=HTTP, password=, proxyServerAddress=, proxyServerPort=0}"/>
         <property name="platform" value="Windows 10"/>
      </properties>
      <testcase name="Test Cases/TestCase4" classname="Test Cases/TestCase4" status="PASSED">
         <system-out><![CDATA[2018-09-24 11:59:00 - [TEST_CASE][PASSED] - Test Cases/TestCase4: Test Cases/TestCase4

2018-09-24 11:59:01 - [TEST_STEP][PASSED] - openBrowser: Browser is opened with url: ''

2018-09-24 11:59:03 - [MESSAGE][PASSED] - Browser is opened with url: ''

2018-09-24 11:59:03 - [TEST_STEP][PASSED] - navigateToUrl: Navigate to 'https://katalon-demo-cura.herokuapp.com/' successfully

2018-09-24 11:59:05 - [MESSAGE][PASSED] - Navigate to 'https://katalon-demo-cura.herokuapp.com/' successfully

2018-09-24 11:59:05 - [TEST_STEP][PASSED] - click: Object: 'Object Repository/Page_CURA Healthcare Service/a_Make Appointment' is clicked on

2018-09-24 11:59:05 - [MESSAGE][PASSED] - Object: 'Object Repository/Page_CURA Healthcare Service/a_Make Appointment' is clicked on

2018-09-24 11:59:05 - [TEST_STEP][PASSED] - setText: Text 'John Doe' is set on object 'Object Repository/Page_CURA Healthcare Service/input_Username_username'

2018-09-24 11:59:05 - [MESSAGE][PASSED] - Text 'John Doe' is set on object 'Object Repository/Page_CURA Healthcare Service/input_Username_username'

2018-09-24 11:59:05 - [TEST_STEP][PASSED] - setText: Text 'ThisIsNotAPassword' is set on object 'Object Repository/Page_CURA Healthcare Service/input_Password_password'

2018-09-24 11:59:05 - [MESSAGE][PASSED] - Text 'ThisIsNotAPassword' is set on object 'Object Repository/Page_CURA Healthcare Service/input_Password_password'

2018-09-24 11:59:05 - [TEST_STEP][PASSED] - click: Object: 'Object Repository/Page_CURA Healthcare Service/button_Login' is clicked on

2018-09-24 11:59:06 - [MESSAGE][PASSED] - Object: 'Object Repository/Page_CURA Healthcare Service/button_Login' is clicked on

2018-09-24 11:59:06 - [TEST_STEP][PASSED] - closeBrowser: Browser is closed

2018-09-24 11:59:06 - [MESSAGE][PASSED] - Browser is closed]]></system-out>
         <system-err><![CDATA[]]></system-err>
      </testcase>
      <testcase name="Test Cases/TestCase4" classname="Test Cases/TestCase4" status="PASSED">
         <system-out><![CDATA[2018-09-24 11:59:06 - [TEST_CASE][PASSED] - Test Cases/TestCase4: Test Cases/TestCase4

2018-09-24 11:59:06 - [TEST_STEP][PASSED] - openBrowser: Browser is opened with url: ''

2018-09-24 11:59:08 - [MESSAGE][PASSED] - Browser is opened with url: ''

2018-09-24 11:59:08 - [TEST_STEP][PASSED] - navigateToUrl: Navigate to 'https://katalon-demo-cura.herokuapp.com/' successfully

2018-09-24 11:59:10 - [MESSAGE][PASSED] - Navigate to 'https://katalon-demo-cura.herokuapp.com/' successfully

2018-09-24 11:59:10 - [TEST_STEP][PASSED] - click: Object: 'Object Repository/Page_CURA Healthcare Service/a_Make Appointment' is clicked on

2018-09-24 11:59:10 - [MESSAGE][PASSED] - Object: 'Object Repository/Page_CURA Healthcare Service/a_Make Appointment' is clicked on

2018-09-24 11:59:10 - [TEST_STEP][PASSED] - setText: Text '' is set on object 'Object Repository/Page_CURA Healthcare Service/input_Username_username'

2018-09-24 11:59:10 - [MESSAGE][PASSED] - Text '' is set on object 'Object Repository/Page_CURA Healthcare Service/input_Username_username'

2018-09-24 11:59:10 - [TEST_STEP][PASSED] - setText: Text '' is set on object 'Object Repository/Page_CURA Healthcare Service/input_Password_password'

2018-09-24 11:59:10 - [MESSAGE][PASSED] - Text '' is set on object 'Object Repository/Page_CURA Healthcare Service/input_Password_password'

2018-09-24 11:59:10 - [TEST_STEP][PASSED] - click: Object: 'Object Repository/Page_CURA Healthcare Service/button_Login' is clicked on

2018-09-24 11:59:11 - [MESSAGE][PASSED] - Object: 'Object Repository/Page_CURA Healthcare Service/button_Login' is clicked on

2018-09-24 11:59:11 - [TEST_STEP][PASSED] - closeBrowser: Browser is closed

2018-09-24 11:59:11 - [MESSAGE][PASSED] - Browser is closed]]></system-out>
         <system-err><![CDATA[]]></system-err>
      </testcase>
      <system-out><![CDATA[2018-09-24 11:59:00 - [TEST_SUITE][PASSED] - TestSuit1: Test Cases/TestCase4]]></system-out>
      <system-err><![CDATA[]]></system-err>
   </testsuite>
</testsuites>
